<?xml version="1.0" encoding="UTF-8"?>
<!-- Generated by org.testng.reporters.JUnitXMLReporter -->
<testsuite ignored="0" hostname="DeepakHP95" failures="1" tests="9" name="Test" time="74.553" errors="0" timestamp="2025-10-25T07:13:13 IST">
  <testcase classname="com.runner.NaukriRunner" name="validLogin" time="3.821"/>
  <testcase classname="com.runner.NaukriRunner" name="profileUpdatePage" time="1.925"/>
  <testcase classname="com.runner.NaukriRunner" name="updateResume" time="3.443"/>
  <testcase classname="com.runner.NaukriRunner" name="resumeHeadlineEdit" time="0.608"/>
  <testcase classname="com.runner.NaukriRunner" name="keySkills" time="0.648"/>
  <testcase classname="com.runner.NaukriRunner" name="employeementSection" time="1.635"/>
  <testcase classname="com.runner.NaukriRunner" name="educationDetailsSection" time="9.974"/>
  <testcase classname="com.runner.NaukriRunner" name="itSkillsSection" time="1.229"/>
  <testcase classname="com.runner.NaukriRunner" name="profileSummarySection" time="45.048">
    <failure type="java.lang.AssertionError" message="ERROR: OCCURE DURING SCROLLING THE PAGE">
      <![CDATA[java.lang.AssertionError: ERROR: OCCURE DURING SCROLLING THE PAGE
at org.junit.Assert.fail(Assert.java:89)
at com.base.Base_Class.scrollThePage(Base_Class.java:363)
at com.pageobjectmodel.ProfileSummarySection.profileSummary(ProfileSummarySection.java:42)
at com.runner.NaukriRunner.profileSummarySection(NaukriRunner.java:75)
at java.base/java.util.ArrayList.forEach(ArrayList.java:1596)
... Removed 25 stack frames]]>
    </failure>
  </testcase> <!-- profileSummarySection -->
</testsuite> <!-- Test -->
