<?xml version="1.0" encoding="UTF-8"?>
<testng-results ignored="0" total="9" passed="8" failed="1" skipped="0">
  <reporter-output>
  </reporter-output>
  <suite started-at="2025-10-25T07:11:58 IST" name="NaukriProject" finished-at="2025-10-25T07:13:13 IST" duration-ms="74553">
    <groups>
    </groups>
    <test started-at="2025-10-25T07:11:58 IST" name="Test" finished-at="2025-10-25T07:13:13 IST" duration-ms="74553">
      <class name="com.runner.NaukriRunner">
        <test-method is-config="true" signature="extentTestReportStartup()[pri:0, instance:com.runner.NaukriRunner@740fb309]" started-at="2025-10-25T07:11:58 IST" name="extentTestReportStartup" finished-at="2025-10-25T07:11:58 IST" duration-ms="312" status="PASS">
          <reporter-output>
          </reporter-output>
        </test-method> <!-- extentTestReportStartup -->
        <test-method is-config="true" signature="launchBrowser()[pri:0, instance:com.runner.NaukriRunner@740fb309]" started-at="2025-10-25T07:11:59 IST" name="launchBrowser" finished-at="2025-10-25T07:12:02 IST" duration-ms="3985" status="PASS">
          <reporter-output>
          </reporter-output>
        </test-method> <!-- launchBrowser -->
        <test-method signature="validLogin()[pri:0, instance:com.runner.NaukriRunner@740fb309]" started-at="2025-10-25T07:12:03 IST" name="validLogin" finished-at="2025-10-25T07:12:06 IST" duration-ms="3821" status="PASS">
          <reporter-output>
          </reporter-output>
        </test-method> <!-- validLogin -->
        <test-method signature="profileUpdatePage()[pri:1, instance:com.runner.NaukriRunner@740fb309]" started-at="2025-10-25T07:12:07 IST" name="profileUpdatePage" finished-at="2025-10-25T07:12:09 IST" duration-ms="1925" status="PASS">
          <reporter-output>
          </reporter-output>
        </test-method> <!-- profileUpdatePage -->
        <test-method signature="updateResume()[pri:2, instance:com.runner.NaukriRunner@740fb309]" started-at="2025-10-25T07:12:09 IST" name="updateResume" finished-at="2025-10-25T07:12:12 IST" duration-ms="3443" status="PASS">
          <reporter-output>
          </reporter-output>
        </test-method> <!-- updateResume -->
        <test-method signature="resumeHeadlineEdit()[pri:3, instance:com.runner.NaukriRunner@740fb309]" started-at="2025-10-25T07:12:12 IST" name="resumeHeadlineEdit" finished-at="2025-10-25T07:12:13 IST" duration-ms="608" status="PASS">
          <reporter-output>
          </reporter-output>
        </test-method> <!-- resumeHeadlineEdit -->
        <test-method signature="keySkills()[pri:4, instance:com.runner.NaukriRunner@740fb309]" started-at="2025-10-25T07:12:13 IST" name="keySkills" finished-at="2025-10-25T07:12:14 IST" duration-ms="648" status="PASS">
          <reporter-output>
          </reporter-output>
        </test-method> <!-- keySkills -->
        <test-method signature="employeementSection()[pri:5, instance:com.runner.NaukriRunner@740fb309]" started-at="2025-10-25T07:12:14 IST" name="employeementSection" finished-at="2025-10-25T07:12:16 IST" duration-ms="1635" status="PASS">
          <reporter-output>
          </reporter-output>
        </test-method> <!-- employeementSection -->
        <test-method signature="educationDetailsSection()[pri:6, instance:com.runner.NaukriRunner@740fb309]" started-at="2025-10-25T07:12:16 IST" name="educationDetailsSection" finished-at="2025-10-25T07:12:26 IST" duration-ms="9974" status="PASS">
          <reporter-output>
          </reporter-output>
        </test-method> <!-- educationDetailsSection -->
        <test-method signature="itSkillsSection()[pri:7, instance:com.runner.NaukriRunner@740fb309]" started-at="2025-10-25T07:12:26 IST" name="itSkillsSection" finished-at="2025-10-25T07:12:27 IST" duration-ms="1229" status="PASS">
          <reporter-output>
          </reporter-output>
        </test-method> <!-- itSkillsSection -->
        <test-method signature="profileSummarySection()[pri:8, instance:com.runner.NaukriRunner@740fb309]" started-at="2025-10-25T07:12:28 IST" name="profileSummarySection" finished-at="2025-10-25T07:13:13 IST" duration-ms="45048" status="FAIL">
          <exception class="java.lang.AssertionError">
            <message>
              <![CDATA[ERROR: OCCURE DURING SCROLLING THE PAGE]]>
            </message>
            <full-stacktrace>
              <![CDATA[java.lang.AssertionError: ERROR: OCCURE DURING SCROLLING THE PAGE
at org.junit.Assert.fail(Assert.java:89)
at com.base.Base_Class.scrollThePage(Base_Class.java:363)
at com.pageobjectmodel.ProfileSummarySection.profileSummary(ProfileSummarySection.java:42)
at com.runner.NaukriRunner.profileSummarySection(NaukriRunner.java:75)
at java.base/jdk.internal.reflect.DirectMethodHandleAccessor.invoke(DirectMethodHandleAccessor.java:103)
at java.base/java.lang.reflect.Method.invoke(Method.java:580)
at org.testng.internal.invokers.MethodInvocationHelper.invokeMethod(MethodInvocationHelper.java:141)
at org.testng.internal.invokers.TestInvoker.invokeMethod(TestInvoker.java:687)
at org.testng.internal.invokers.TestInvoker.invokeTestMethod(TestInvoker.java:230)
at org.testng.internal.invokers.MethodRunner.runInSequence(MethodRunner.java:63)
at org.testng.internal.invokers.TestInvoker$MethodInvocationAgent.invoke(TestInvoker.java:995)
at org.testng.internal.invokers.TestInvoker.invokeTestMethods(TestInvoker.java:203)
at org.testng.internal.invokers.TestMethodWorker.invokeTestMethods(TestMethodWorker.java:154)
at org.testng.internal.invokers.TestMethodWorker.run(TestMethodWorker.java:134)
at java.base/java.util.ArrayList.forEach(ArrayList.java:1596)
at org.testng.TestRunner.privateRun(TestRunner.java:741)
at org.testng.TestRunner.run(TestRunner.java:616)
at org.testng.SuiteRunner.runTest(SuiteRunner.java:421)
at org.testng.SuiteRunner.runSequentially(SuiteRunner.java:413)
at org.testng.SuiteRunner.privateRun(SuiteRunner.java:373)
at org.testng.SuiteRunner.run(SuiteRunner.java:312)
at org.testng.SuiteRunnerWorker.runSuite(SuiteRunnerWorker.java:52)
at org.testng.SuiteRunnerWorker.run(SuiteRunnerWorker.java:95)
at org.testng.TestNG.runSuitesSequentially(TestNG.java:1274)
at org.testng.TestNG.runSuitesLocally(TestNG.java:1208)
at org.testng.TestNG.runSuites(TestNG.java:1112)
at org.testng.TestNG.run(TestNG.java:1079)
at org.testng.remote.AbstractRemoteTestNG.run(AbstractRemoteTestNG.java:115)
at org.testng.remote.RemoteTestNG.initAndRun(RemoteTestNG.java:293)
at org.testng.remote.RemoteTestNG.main(RemoteTestNG.java:91)
]]>
            </full-stacktrace>
          </exception> <!-- java.lang.AssertionError -->
          <reporter-output>
          </reporter-output>
        </test-method> <!-- profileSummarySection -->
        <test-method is-config="true" signature="quit()[pri:0, instance:com.runner.NaukriRunner@740fb309]" started-at="2025-10-25T07:13:13 IST" name="quit" finished-at="2025-10-25T07:13:13 IST" duration-ms="163" status="PASS">
          <reporter-output>
          </reporter-output>
        </test-method> <!-- quit -->
        <test-method is-config="true" signature="extentTestReportEndup()[pri:0, instance:com.runner.NaukriRunner@740fb309]" started-at="2025-10-25T07:13:13 IST" name="extentTestReportEndup" finished-at="2025-10-25T07:13:13 IST" duration-ms="2" status="PASS">
          <reporter-output>
          </reporter-output>
        </test-method> <!-- extentTestReportEndup -->
      </class> <!-- com.runner.NaukriRunner -->
    </test> <!-- Test -->
  </suite> <!-- NaukriProject -->
</testng-results>
